     1                                  bits 32 ; assembling for the 32 bits architecture
     2                                  
     3                                  ; declare the EntryPoint (a label defining the very first instruction of the program)
     4                                  global start        
     5                                  
     6                                  ; declare external functions needed by our program
     7                                  extern exit,fopen,fclose,scanf,fread,fprintf,printf               ; tell nasm that exit exists even if we won't be defining it
     8                                  import exit msvcrt.dll    ; exit is a function that ends the calling process. It is defined in msvcrt.dll
     9                                                            ; msvcrt.dll contains exit, printf and all the other important C-runtime specific functions
    10                                  import fopen msvcrt.dll
    11                                  import fclose msvcrt.dll
    12                                  import scanf msvcrt.dll
    13                                  import fread msvcrt.dll
    14                                  import fprintf msvcrt.dll             
    15                                  import printf msvcrt.dll
    16                                  ; our data is declared here (the variables needed by our program)
    17                                  segment data use32 class=data
    18                                      ; ...
    19                                      
    20 00000000 7200                        mod_acces_citire db "r",0
    21 00000002 7700                        mod_acces_afisare db "w",0
    22 00000004 00000000                    descriptor_fis_citire dd 0
    23 00000008 00000000                    descriptor_fis_afisare dd 0
    24 0000000C 00                          nume_fisier_citire db 0
    25 0000000D 6F75747075742E7478-         nume_fisier_afisare db "output.txt",0
    25 00000016 7400               
    26                                      
    27 00000018 257300                      format db "%s",0
    28                                      
    29 0000001B 00                          c db 0
    30                                      len equ 100
    31                                      
    32 0000001C 00<rept>                    text times len db 0
    33                                      
    34 00000080 00                          spartiu db 0
    35                                  ; our code starts here
    36                                  segment code use32 class=code
    37                                      start:
    38                                          ; ...
    39                                          ;citire nume fisier citire
    40 00000000 68[0C000000]                    push dword nume_fisier_citire
    41 00000005 68[18000000]                    push dword format
    42 0000000A FF15[00000000]                  call [scanf]
    43 00000010 83C408                          add esp,4*2
    44                                          ;citire caracter
    45 00000013 68[1B000000]                    push c
    46 00000018 68[18000000]                    push format
    47 0000001D FF15[00000000]                  call [scanf]
    48 00000023 83C408                          add esp,4*2
    49                                          ;deschidere input.txt
    50 00000026 68[00000000]                    push dword mod_acces_citire
    51 0000002B 68[0C000000]                    push dword nume_fisier_citire
    52 00000030 FF15[00000000]                  call [fopen]
    53 00000036 A3[04000000]                    mov dword[descriptor_fis_citire],eax
    54 0000003B 83C408                          add esp,4*2
    55                                          ;deschidere output.txt
    56 0000003E 68[02000000]                    push mod_acces_afisare
    57 00000043 68[0D000000]                    push nume_fisier_afisare
    58 00000048 FF15[00000000]                  call [fopen]
    59 0000004E 83C408                          add esp,4*2
    60 00000051 A3[08000000]                    mov dword[descriptor_fis_afisare],eax
    61                                          ;citire din fisier
    62 00000056 FF35[04000000]                  push dword[descriptor_fis_citire]
    63 0000005C 6A64                            push len
    64 0000005E 6A01                            push 1
    65 00000060 68[1C000000]                    push text
    66 00000065 FF15[00000000]                  call [fread]
    67 0000006B 83C410                          add esp,4*4
    68                                          ;afisare
    69 0000006E 68[1C000000]                    push text
    70 00000073 68[18000000]                    push format
    71 00000078 FF15[00000000]                  call [printf]
    72 0000007E 83C408                          add esp,4*2
    73                                          ;afisare text din fisier
    74 00000081 68[1C000000]                    push text
    75 00000086 68[18000000]                    push format
    76 0000008B FF35[08000000]                  push dword[descriptor_fis_afisare]
    77 00000091 FF15[00000000]                  call [fprintf]
    78 00000097 83C40C                          add esp,4*3
    79                                          ;inchidere
    80 0000009A FF35[08000000]                  push dword[descriptor_fis_afisare]
    81 000000A0 FF15[00000000]                  call [fclose]
    82 000000A6 83C404                          add esp,4*1
    83                                          ;inchidere
    84 000000A9 FF35[04000000]                  push dword[descriptor_fis_citire]
    85 000000AF FF15[00000000]                  call [fclose]
    86 000000B5 83C404                          add esp,4*1
    87                                          ; exit(0)
    88 000000B8 6A00                            push    dword 0      ; push the parameter for exit onto the stack
    89 000000BA FF15[00000000]                  call    [exit]       ; call exit to terminate the program
