     1                                  bits 32 ; assembling for the 32 bits architecture
     2                                  
     3                                  ; declare the EntryPoint (a label defining the very first instruction of the program)
     4                                  global start        
     5                                  
     6                                  ; declare external functions needed by our program
     7                                  extern exit               ; tell nasm that exit exists even if we won't be defining it
     8                                  import exit msvcrt.dll    ; exit is a function that ends the calling process. It is defined in msvcrt.dll
     9                                                            ; msvcrt.dll contains exit, printf and all the other important C-runtime specific functions
    10                                  
    11                                  ; our data is declared here (the variables needed by our program)
    12                                  segment data use32 class=data
    13                                      ; 
    14 00000000 01                          a db 1
    15 00000001 02                          b db 2
    16 00000002 03                          c db 3
    17 00000003 04                          d db 4
    18                                  
    19                                  ; our code starts here
    20                                  segment code use32 class=code
    21                                      start:
    22                                          ; 30.d-(a+b)-(c+c)=4-(1+2)-(3+3)=4-3-6=-5 
    23 00000000 8A25[03000000]                  mov AH,[d] ; AH=d=4
    24 00000006 8A3D[00000000]                  mov BH,[a] ; BH=a=1
    25 0000000C 023D[01000000]                  add BH,[b] ; BH=a+b=3
    26 00000012 8A2D[02000000]                  mov CH,[c] ; CH=c=3
    27 00000018 022D[02000000]                  add CH,[c] ; CH=c+c=6
    28 0000001E 28FC                            sub AH,BH  ; AH=AH-BH=4-3=1
    29 00000020 28EC                            sub AH,CH  ; AH=AH-CH=1-6=-5
    30                                      
    31                                          ; exit(0)
    32 00000022 6A00                            push    dword 0      ; push the parameter for exit onto the stack
    33 00000024 FF15[00000000]                  call    [exit]       ; call exit to terminate the program
